Starting complete roofing organizations fetch...
Number of search terms: 333
Expected coverage: 100% of roofing companies

[1/333] Searching for 'roofing'...
Searching for 'roofing'...
  Page 1: Found 1 organizations with interactions
  Total for 'roofing': 1 organizations
Progress: 1/333 terms completed
Total collected so far: 1 organizations

[2/333] Searching for 'construction'...
Searching for 'construction'...
  Page 1: Found 27 organizations with interactions
  Total for 'construction': 27 organizations
Progress: 2/333 terms completed
Total collected so far: 28 organizations

[3/333] Searching for 'roof'...
Searching for 'roof'...
  Page 1: Found 4 organizations with interactions
  Total for 'roof': 4 organizations
Progress: 3/333 terms completed
Total collected so far: 32 organizations

[4/333] Searching for 'contracting'...
Searching for 'contracting'...
  Page 1: Found 2 organizations with interactions
  Total for 'contracting': 2 organizations
Progress: 4/333 terms completed
Total collected so far: 34 organizations

[5/333] Searching for 'america'...
Searching for 'america'...
  Page 1: Found 107 organizations with interactions
  Total for 'america': 107 organizations
Progress: 5/333 terms completed
Total collected so far: 141 organizations

[6/333] Searching for 'exteriors'...
Searching for 'exteriors'...
  Page 1: Found 1 organizations with interactions
  Total for 'exteriors': 1 organizations
Progress: 6/333 terms completed
Total collected so far: 142 organizations

[7/333] Searching for 'building'...
Searching for 'building'...
  Page 1: Found 20 organizations with interactions
  Total for 'building': 20 organizations
Progress: 7/333 terms completed
Total collected so far: 162 organizations

[8/333] Searching for 'metal'...
Searching for 'metal'...
  Page 1: Found 4 organizations with interactions
  Total for 'metal': 4 organizations
Progress: 8/333 terms completed
Total collected so far: 166 organizations

[9/333] Searching for 'enterprises'...
Searching for 'enterprises'...
  Page 1: Found 24 organizations with interactions
  Total for 'enterprises': 24 organizations
Progress: 9/333 terms completed
Total collected so far: 190 organizations

[10/333] Searching for 'contractors'...
Searching for 'contractors'...
  Page 1: Found 3 organizations with interactions
  Total for 'contractors': 3 organizations
Progress: 10/333 terms completed
Total collected so far: 193 organizations

[11/333] Searching for 'group'...
Searching for 'group'...
  Page 1: Found 500 organizations with interactions
  Page 2: Found 383 organizations with interactions
  Total for 'group': 883 organizations
Progress: 11/333 terms completed
Total collected so far: 1076 organizations

[12/333] Searching for 'systems'...
Searching for 'systems'...
  Page 1: Found 94 organizations with interactions
  Total for 'systems': 94 organizations
Progress: 12/333 terms completed
Total collected so far: 1170 organizations

[13/333] Searching for 'solar'...
Searching for 'solar'...
  Page 1: Found 19 organizations with interactions
  Total for 'solar': 19 organizations
Progress: 13/333 terms completed
Total collected so far: 1189 organizations

[14/333] Searching for 'sons'...
Searching for 'sons'...
  Page 1: Found 3 organizations with interactions
  Total for 'sons': 3 organizations
Progress: 14/333 terms completed
Total collected so far: 1192 organizations

[15/333] Searching for 'restoration'...
Searching for 'restoration'...
  Page 1: Found 2 organizations with interactions
  Total for 'restoration': 2 organizations
Progress: 15/333 terms completed
Total collected so far: 1194 organizations

[16/333] Searching for 'corporation'...
Searching for 'corporation'...
  Page 1: Found 76 organizations with interactions
  Total for 'corporation': 76 organizations
Progress: 16/333 terms completed
Total collected so far: 1270 organizations

[17/333] Searching for 'home'...
Searching for 'home'...
  Page 1: Found 121 organizations with interactions
  Total for 'home': 121 organizations
Progress: 17/333 terms completed
Total collected so far: 1391 organizations

[18/333] Searching for 'industries'...
Searching for 'industries'...
  Page 1: Found 38 organizations with interactions
  Total for 'industries': 38 organizations
Progress: 18/333 terms completed
Total collected so far: 1429 organizations

[19/333] Searching for 'painting'...
Searching for 'painting'...
  Page 1: Found 1 organizations with interactions
  Total for 'painting': 1 organizations
Progress: 19/333 terms completed
Total collected so far: 1430 organizations

[20/333] Searching for 'associates'...
Searching for 'associates'...
  Page 1: Found 89 organizations with interactions
  Total for 'associates': 89 organizations
Progress: 20/333 terms completed
Total collected so far: 1519 organizations

[21/333] Searching for 'roofs'...
Searching for 'roofs'...
  Page 1: Found 1 organizations with interactions
  Total for 'roofs': 1 organizations
Progress: 21/333 terms completed
Total collected so far: 1520 organizations

[22/333] Searching for 'son'...
Searching for 'son'...
  Page 1: Found 44 organizations with interactions
  Total for 'son': 44 organizations
Progress: 22/333 terms completed
Total collected so far: 1564 organizations

[23/333] Searching for 'service'...
Searching for 'service'...
  Page 1: Found 190 organizations with interactions
  Total for 'service': 190 organizations
Progress: 23/333 terms completed
Total collected so far: 1754 organizations

[24/333] Searching for 'companies'...
Searching for 'companies'...
  Page 1: Found 43 organizations with interactions
  Total for 'companies': 43 organizations
Progress: 24/333 terms completed
Total collected so far: 1797 organizations

[25/333] Searching for 'property'...
Searching for 'property'...
  Page 1: Found 20 organizations with interactions
  Total for 'property': 20 organizations
Progress: 25/333 terms completed
Total collected so far: 1817 organizations

[26/333] Searching for 'coatings'...
Searching for 'coatings'...
  Page 1: Found 0 organizations with interactions
  Total for 'coatings': 0 organizations
Progress: 26/333 terms completed
Total collected so far: 1817 organizations

[27/333] Searching for 'holdings'...
Searching for 'holdings'...
  Page 1: Found 109 organizations with interactions
  Total for 'holdings': 109 organizations
Progress: 27/333 terms completed
Total collected so far: 1926 organizations

[28/333] Searching for 'taylor'...
Searching for 'taylor'...
  Page 1: Found 7 organizations with interactions
  Total for 'taylor': 7 organizations
Progress: 28/333 terms completed
Total collected so far: 1933 organizations

[29/333] Searching for 'exterior'...
Searching for 'exterior'...
  Page 1: Found 2 organizations with interactions
  Total for 'exterior': 2 organizations
Progress: 29/333 terms completed
Total collected so far: 1935 organizations

[30/333] Searching for 'builders'...
Searching for 'builders'...
  Page 1: Found 4 organizations with interactions
  Total for 'builders': 4 organizations
Progress: 30/333 terms completed
Total collected so far: 1939 organizations

[31/333] Searching for 'brothers'...
Searching for 'brothers'...
  Page 1: Found 10 organizations with interactions
  Total for 'brothers': 10 organizations
Progress: 31/333 terms completed
Total collected so far: 1949 organizations

[32/333] Searching for 'management'...
Searching for 'management'...
  Page 1: Found 500 organizations with interactions
  Page 2: Found 1 organizations with interactions
  Total for 'management': 501 organizations
Progress: 32/333 terms completed
Total collected so far: 2450 organizations

[33/333] Searching for 'insulation'...
Searching for 'insulation'...
  Page 1: Found 1 organizations with interactions
  Total for 'insulation': 1 organizations
Progress: 33/333 terms completed
Total collected so far: 2451 organizations

[34/333] Searching for 'roofers'...
Searching for 'roofers'...
  Page 1: Found 0 organizations with interactions
  Total for 'roofers': 0 organizations
Progress: 34/333 terms completed
Total collected so far: 2451 organizations

[35/333] Searching for 'energy'...
Searching for 'energy'...
  Page 1: Found 97 organizations with interactions
  Total for 'energy': 97 organizations
Progress: 35/333 terms completed
Total collected so far: 2548 organizations

[36/333] Searching for 'south'...
Searching for 'south'...
  Page 1: Found 42 organizations with interactions
  Total for 'south': 42 organizations
Progress: 36/333 terms completed
Total collected so far: 2590 organizations

[37/333] Searching for 'first'...
Searching for 'first'...
  Page 1: Found 81 organizations with interactions
  Total for 'first': 81 organizations
Progress: 37/333 terms completed
Total collected so far: 2671 organizations

[38/333] Searching for 'john'...
Searching for 'john'...
  Page 1: Found 29 organizations with interactions
  Total for 'john': 29 organizations
Progress: 38/333 terms completed
Total collected so far: 2700 organizations

[39/333] Searching for 'products'...
Searching for 'products'...
  Page 1: Found 18 organizations with interactions
  Total for 'products': 18 organizations
Progress: 39/333 terms completed
Total collected so far: 2718 organizations

[40/333] Searching for 'contractor'...
Searching for 'contractor'...
  Page 1: Found 3 organizations with interactions
  Total for 'contractor': 3 organizations
Progress: 40/333 terms completed
Total collected so far: 2721 organizations

[41/333] Searching for 'residential'...
Searching for 'residential'...
  Page 1: Found 11 organizations with interactions
  Total for 'residential': 11 organizations
Progress: 41/333 terms completed
Total collected so far: 2732 organizations

[42/333] Searching for 'maintenance'...
Searching for 'maintenance'...
  Page 1: Found 5 organizations with interactions
  Total for 'maintenance': 5 organizations
Progress: 42/333 terms completed
Total collected so far: 2737 organizations

[43/333] Searching for 'central'...
Searching for 'central'...
  Page 1: Found 5 organizations with interactions
  Total for 'central': 5 organizations
Progress: 43/333 terms completed
Total collected so far: 2742 organizations

[44/333] Searching for 'specialty'...
Searching for 'specialty'...
  Page 1: Found 8 organizations with interactions
  Total for 'specialty': 8 organizations
Progress: 44/333 terms completed
Total collected so far: 2750 organizations

[45/333] Searching for 'custom'...
Searching for 'custom'...
  Page 1: Found 12 organizations with interactions
  Total for 'custom': 12 organizations
Progress: 45/333 terms completed
Total collected so far: 2762 organizations

[46/333] Searching for 'cotterman'...
Searching for 'cotterman'...
  Page 1: Found 0 organizations with interactions
  Total for 'cotterman': 0 organizations
Progress: 46/333 terms completed
Total collected so far: 2762 organizations

[47/333] Searching for 'coating'...
Searching for 'coating'...
  Page 1: Found 0 organizations with interactions
  Total for 'coating': 0 organizations
Progress: 47/333 terms completed
Total collected so far: 2762 organizations

[48/333] Searching for 'waterproofing'...
Searching for 'waterproofing'...
  Page 1: Found 0 organizations with interactions
  Total for 'waterproofing': 0 organizations
Progress: 48/333 terms completed
Total collected so far: 2762 organizations

[49/333] Searching for 'quality'...
Searching for 'quality'...
  Page 1: Found 4 organizations with interactions
  Total for 'quality': 4 organizations
Progress: 49/333 terms completed
Total collected so far: 2766 organizations

[50/333] Searching for 'architectural'...
Searching for 'architectural'...
  Page 1: Found 1 organizations with interactions
  Total for 'architectural': 1 organizations
Progress: 50/333 terms completed
Total collected so far: 2767 organizations

[51/333] Searching for 'apollo'...
Searching for 'apollo'...
  Page 1: Found 16 organizations with interactions
  Total for 'apollo': 16 organizations
Progress: 51/333 terms completed
Total collected so far: 2783 organizations

[52/333] Searching for 'white'...
Searching for 'white'...
  Page 1: Found 21 organizations with interactions
  Total for 'white': 21 organizations
Progress: 52/333 terms completed
Total collected so far: 2804 organizations

[53/333] Searching for 'supply'...
Searching for 'supply'...
  Page 1: Found 12 organizations with interactions
  Total for 'supply': 12 organizations
Progress: 53/333 terms completed
Total collected so far: 2816 organizations

[54/333] Searching for 'power'...
Searching for 'power'...
  Page 1: Found 55 organizations with interactions
  Total for 'power': 55 organizations
Progress: 54/333 terms completed
Total collected so far: 2871 organizations

[55/333] Searching for 'single'...
Searching for 'single'...
  Page 1: Found 8 organizations with interactions
  Total for 'single': 8 organizations
Progress: 55/333 terms completed
Total collected so far: 2879 organizations

[56/333] Searching for 'midland'...
Searching for 'midland'...
  Page 1: Found 4 organizations with interactions
  Total for 'midland': 4 organizations
Progress: 56/333 terms completed
Total collected so far: 2883 organizations

[57/333] Searching for 'harold'...
Searching for 'harold'...
  Page 1: Found 0 organizations with interactions
  Total for 'harold': 0 organizations
Progress: 57/333 terms completed
Total collected so far: 2883 organizations

[58/333] Searching for 'summit'...
Searching for 'summit'...
  Page 1: Found 30 organizations with interactions
  Total for 'summit': 30 organizations
Progress: 58/333 terms completed
Total collected so far: 2913 organizations

[59/333] Searching for 'weathercraft'...
Searching for 'weathercraft'...
  Page 1: Found 0 organizations with interactions
  Total for 'weathercraft': 0 organizations
Progress: 59/333 terms completed
Total collected so far: 2913 organizations

[60/333] Searching for 'aiken'...
Searching for 'aiken'...
  Page 1: Found 0 organizations with interactions
  Total for 'aiken': 0 organizations
Progress: 60/333 terms completed
Total collected so far: 2913 organizations

[61/333] Searching for 'commercial'...
Searching for 'commercial'...
  Page 1: Found 13 organizations with interactions
  Total for 'commercial': 13 organizations
Progress: 61/333 terms completed
Total collected so far: 2926 organizations

[62/333] Searching for 'united'...
Searching for 'united'...
  Page 1: Found 36 organizations with interactions
  Total for 'united': 36 organizations
Progress: 62/333 terms completed
Total collected so far: 2962 organizations

[63/333] Searching for 'valley'...
Searching for 'valley'...
  Page 1: Found 23 organizations with interactions
  Total for 'valley': 23 organizations
Progress: 63/333 terms completed
Total collected so far: 2985 organizations

[64/333] Searching for 'smith'...
Searching for 'smith'...
  Page 1: Found 21 organizations with interactions
  Total for 'smith': 21 organizations
Progress: 64/333 terms completed
Total collected so far: 3006 organizations

[65/333] Searching for 'division'...
Searching for 'division'...
  Page 1: Found 1 organizations with interactions
  Total for 'division': 1 organizations
Progress: 65/333 terms completed
Total collected so far: 3007 organizations

[66/333] Searching for 'roofscapes'...
Searching for 'roofscapes'...
  Page 1: Found 0 organizations with interactions
  Total for 'roofscapes': 0 organizations
Progress: 66/333 terms completed
Total collected so far: 3007 organizations

[67/333] Searching for 'slate'...
Searching for 'slate'...
  Page 1: Found 4 organizations with interactions
  Total for 'slate': 4 organizations
Progress: 67/333 terms completed
Total collected so far: 3011 organizations

[68/333] Searching for 'stormforce'...
Searching for 'stormforce'...
  Page 1: Found 0 organizations with interactions
  Total for 'stormforce': 0 organizations
Progress: 68/333 terms completed
Total collected so far: 3011 organizations

[69/333] Searching for 'roberts'...
Searching for 'roberts'...
  Page 1: Found 4 organizations with interactions
  Total for 'roberts': 4 organizations
Progress: 69/333 terms completed
Total collected so far: 3015 organizations

[70/333] Searching for 'scalo'...
Searching for 'scalo'...
  Page 1: Found 0 organizations with interactions
  Total for 'scalo': 0 organizations
Progress: 70/333 terms completed
Total collected so far: 3015 organizations

[71/333] Searching for 'robinson'...
Searching for 'robinson'...
  Page 1: Found 4 organizations with interactions
  Total for 'robinson': 4 organizations
Progress: 71/333 terms completed
Total collected so far: 3019 organizations

[72/333] Searching for 'siding'...
Searching for 'siding'...
  Page 1: Found 0 organizations with interactions
  Total for 'siding': 0 organizations
Progress: 72/333 terms completed
Total collected so far: 3019 organizations

[73/333] Searching for 'unlimited'...
Searching for 'unlimited'...
  Page 1: Found 4 organizations with interactions
  Total for 'unlimited': 4 organizations
Progress: 73/333 terms completed
Total collected so far: 3023 organizations

[74/333] Searching for 'roofer'...
Searching for 'roofer'...
  Page 1: Found 1 organizations with interactions
  Total for 'roofer': 1 organizations
Progress: 74/333 terms completed
Total collected so far: 3024 organizations

[75/333] Searching for 'eberhard'...
Searching for 'eberhard'...
  Page 1: Found 0 organizations with interactions
  Total for 'eberhard': 0 organizations
Progress: 75/333 terms completed
Total collected so far: 3024 organizations

[76/333] Searching for 'community'...
Searching for 'community'...
  Page 1: Found 37 organizations with interactions
  Total for 'community': 37 organizations
Progress: 76/333 terms completed
Total collected so far: 3061 organizations

[77/333] Searching for 'painters'...
Searching for 'painters'...
  Page 1: Found 0 organizations with interactions
  Total for 'painters': 0 organizations
Progress: 77/333 terms completed
Total collected so far: 3061 organizations

[78/333] Searching for 'orlando'...
Searching for 'orlando'...
  Page 1: Found 0 organizations with interactions
  Total for 'orlando': 0 organizations
Progress: 78/333 terms completed
Total collected so far: 3061 organizations

[79/333] Searching for 'thomas'...
Searching for 'thomas'...
  Page 1: Found 4 organizations with interactions
  Total for 'thomas': 4 organizations
Progress: 79/333 terms completed
Total collected so far: 3065 organizations

[80/333] Searching for 'castle'...
Searching for 'castle'...
  Page 1: Found 19 organizations with interactions
  Total for 'castle': 19 organizations
Progress: 80/333 terms completed
Total collected so far: 3084 organizations

[81/333] Searching for 'dellovade'...
Searching for 'dellovade'...
  Page 1: Found 0 organizations with interactions
  Total for 'dellovade': 0 organizations
Progress: 81/333 terms completed
Total collected so far: 3084 organizations

[82/333] Searching for 'consulting'...
Searching for 'consulting'...
  Page 1: Found 112 organizations with interactions
  Total for 'consulting': 112 organizations
Progress: 82/333 terms completed
Total collected so far: 3196 organizations

[83/333] Searching for 'todd'...
Searching for 'todd'...
  Page 1: Found 3 organizations with interactions
  Total for 'todd': 3 organizations
Progress: 83/333 terms completed
Total collected so far: 3199 organizations

[84/333] Searching for 'american'...
Searching for 'american'...
  Page 1: Found 61 organizations with interactions
  Total for 'american': 61 organizations
Progress: 84/333 terms completed
Total collected so far: 3260 organizations

[85/333] Searching for 'citiroof'...
Searching for 'citiroof'...
  Page 1: Found 0 organizations with interactions
  Total for 'citiroof': 0 organizations
Progress: 85/333 terms completed
Total collected so far: 3260 organizations

[86/333] Searching for 'ray'...
Searching for 'ray'...
  Page 1: Found 18 organizations with interactions
  Total for 'ray': 18 organizations
Progress: 86/333 terms completed
Total collected so far: 3278 organizations

[87/333] Searching for 'korellis'...
Searching for 'korellis'...
  Page 1: Found 0 organizations with interactions
  Total for 'korellis': 0 organizations
Progress: 87/333 terms completed
Total collected so far: 3278 organizations

[88/333] Searching for 'technodak'...
Searching for 'technodak'...
  Page 1: Found 0 organizations with interactions
  Total for 'technodak': 0 organizations
Progress: 88/333 terms completed
Total collected so far: 3278 organizations

[89/333] Searching for 'vpm'...
Searching for 'vpm'...
  Page 1: Found 0 organizations with interactions
  Total for 'vpm': 0 organizations
Progress: 89/333 terms completed
Total collected so far: 3278 organizations

[90/333] Searching for 'lines'...
Searching for 'lines'...
  Page 1: Found 2 organizations with interactions
  Total for 'lines': 2 organizations
Progress: 90/333 terms completed
Total collected so far: 3280 organizations

[91/333] Searching for 'midnight'...
Searching for 'midnight'...
  Page 1: Found 2 organizations with interactions
  Total for 'midnight': 2 organizations
Progress: 91/333 terms completed
Total collected so far: 3282 organizations

[92/333] Searching for 'contra'...
Searching for 'contra'...
  Page 1: Found 12 organizations with interactions
  Total for 'contra': 12 organizations
Progress: 92/333 terms completed
Total collected so far: 3294 organizations

[93/333] Searching for 'daybreak'...
Searching for 'daybreak'...
  Page 1: Found 6 organizations with interactions
  Total for 'daybreak': 6 organizations
Progress: 93/333 terms completed
Total collected so far: 3300 organizations

[94/333] Searching for 'woodall'...
Searching for 'woodall'...
  Page 1: Found 0 organizations with interactions
  Total for 'woodall': 0 organizations
Progress: 94/333 terms completed
Total collected so far: 3300 organizations

[95/333] Searching for 'dsrc'...
Searching for 'dsrc'...
  Page 1: Found 0 organizations with interactions
  Total for 'dsrc': 0 organizations
Progress: 95/333 terms completed
Total collected so far: 3300 organizations

[96/333] Searching for 'low'...
Searching for 'low'...
  Page 1: Found 14 organizations with interactions
  Total for 'low': 14 organizations
Progress: 96/333 terms completed
Total collected so far: 3314 organizations

[97/333] Searching for 'elmer'...
Searching for 'elmer'...
  Page 1: Found 0 organizations with interactions
  Total for 'elmer': 0 organizations
Progress: 97/333 terms completed
Total collected so far: 3314 organizations

[98/333] Searching for 'slippery'...
Searching for 'slippery'...
  Page 1: Found 0 organizations with interactions
  Total for 'slippery': 0 organizations
Progress: 98/333 terms completed
Total collected so far: 3314 organizations

[99/333] Searching for 'advantage'...
Searching for 'advantage'...
  Page 1: Found 7 organizations with interactions
  Total for 'advantage': 7 organizations
Progress: 99/333 terms completed
Total collected so far: 3321 organizations

[100/333] Searching for 'mccoy'...
Searching for 'mccoy'...
  Page 1: Found 0 organizations with interactions
  Total for 'mccoy': 0 organizations
Progress: 100/333 terms completed
Total collected so far: 3321 organizations

[101/333] Searching for 'dayco'...
Searching for 'dayco'...
  Page 1: Found 0 organizations with interactions
  Total for 'dayco': 0 organizations
Progress: 101/333 terms completed
Total collected so far: 3321 organizations

[102/333] Searching for 'laferney'...
Searching for 'laferney'...
  Page 1: Found 0 organizations with interactions
  Total for 'laferney': 0 organizations
Progress: 102/333 terms completed
Total collected so far: 3321 organizations

[103/333] Searching for 'superior'...
Searching for 'superior'...
  Page 1: Found 2 organizations with interactions
  Total for 'superior': 2 organizations
Progress: 103/333 terms completed
Total collected so far: 3323 organizations

[104/333] Searching for 'sechrist'...
Searching for 'sechrist'...
  Page 1: Found 0 organizations with interactions
  Total for 'sechrist': 0 organizations
Progress: 104/333 terms completed
Total collected so far: 3323 organizations

[105/333] Searching for 'null'...
Searching for 'null'...
  Page 1: Found 0 organizations with interactions
  Total for 'null': 0 organizations
Progress: 105/333 terms completed
Total collected so far: 3323 organizations

[106/333] Searching for 'bourne'...
Searching for 'bourne'...
  Page 1: Found 0 organizations with interactions
  Total for 'bourne': 0 organizations
Progress: 106/333 terms completed
Total collected so far: 3323 organizations

[107/333] Searching for 'prowest'...
Searching for 'prowest'...
  Page 1: Found 0 organizations with interactions
  Total for 'prowest': 0 organizations
Progress: 107/333 terms completed
Total collected so far: 3323 organizations

[108/333] Searching for 'wxtite'...
Searching for 'wxtite'...
  Page 1: Found 0 organizations with interactions
  Total for 'wxtite': 0 organizations
Progress: 108/333 terms completed
Total collected so far: 3323 organizations

[109/333] Searching for 'union'...
Searching for 'union'...
  Page 1: Found 17 organizations with interactions
  Total for 'union': 17 organizations
Progress: 109/333 terms completed
Total collected so far: 3340 organizations

[110/333] Searching for 'cedar'...
Searching for 'cedar'...
  Page 1: Found 13 organizations with interactions
  Total for 'cedar': 13 organizations
Progress: 110/333 terms completed
Total collected so far: 3353 organizations

[111/333] Searching for 'weathergard'...
Searching for 'weathergard'...
  Page 1: Found 0 organizations with interactions
  Total for 'weathergard': 0 organizations
Progress: 111/333 terms completed
Total collected so far: 3353 organizations

[112/333] Searching for 'tite'...
Searching for 'tite'...
  Page 1: Found 0 organizations with interactions
  Total for 'tite': 0 organizations
Progress: 112/333 terms completed
Total collected so far: 3353 organizations

[113/333] Searching for 'wager'...
Searching for 'wager'...
  Page 1: Found 2 organizations with interactions
  Total for 'wager': 2 organizations
Progress: 113/333 terms completed
Total collected so far: 3355 organizations

[114/333] Searching for 'griffith'...
Searching for 'griffith'...
  Page 1: Found 0 organizations with interactions
  Total for 'griffith': 0 organizations
Progress: 114/333 terms completed
Total collected so far: 3355 organizations

[115/333] Searching for 'camp'...
Searching for 'camp'...
  Page 1: Found 23 organizations with interactions
  Total for 'camp': 23 organizations
Progress: 115/333 terms completed
Total collected so far: 3378 organizations

[116/333] Searching for 'craft'...
Searching for 'craft'...
  Page 1: Found 8 organizations with interactions
  Total for 'craft': 8 organizations
Progress: 116/333 terms completed
Total collected so far: 3386 organizations

[117/333] Searching for 'men'...
Searching for 'men'...
  Page 1: Found 31 organizations with interactions
  Total for 'men': 31 organizations
Progress: 117/333 terms completed
Total collected so far: 3417 organizations

[118/333] Searching for 'maria'...
Searching for 'maria'...
  Page 1: Found 3 organizations with interactions
  Total for 'maria': 3 organizations
Progress: 118/333 terms completed
Total collected so far: 3420 organizations

[119/333] Searching for 'triad'...
Searching for 'triad'...
  Page 1: Found 0 organizations with interactions
  Total for 'triad': 0 organizations
Progress: 119/333 terms completed
Total collected so far: 3420 organizations

[120/333] Searching for 'congoleum'...
Searching for 'congoleum'...
  Page 1: Found 0 organizations with interactions
  Total for 'congoleum': 0 organizations
Progress: 120/333 terms completed
Total collected so far: 3420 organizations

[121/333] Searching for 'edilians'...
Searching for 'edilians'...
  Page 1: Found 0 organizations with interactions
  Total for 'edilians': 0 organizations
Progress: 121/333 terms completed
Total collected so far: 3420 organizations

[122/333] Searching for 'wwrc'...
Searching for 'wwrc'...
  Page 1: Found 0 organizations with interactions
  Total for 'wwrc': 0 organizations
Progress: 122/333 terms completed
Total collected so far: 3420 organizations

[123/333] Searching for 'hancock'...
Searching for 'hancock'...
  Page 1: Found 1 organizations with interactions
  Total for 'hancock': 1 organizations
Progress: 123/333 terms completed
Total collected so far: 3421 organizations

[124/333] Searching for 'rivet'...
Searching for 'rivet'...
  Page 1: Found 3 organizations with interactions
  Total for 'rivet': 3 organizations
Progress: 124/333 terms completed
Total collected so far: 3424 organizations

[125/333] Searching for 'ips'...
Searching for 'ips'...
  Page 1: Found 2 organizations with interactions
  Total for 'ips': 2 organizations
Progress: 125/333 terms completed
Total collected so far: 3426 organizations

[126/333] Searching for 'birdair'...
Searching for 'birdair'...
  Page 1: Found 0 organizations with interactions
  Total for 'birdair': 0 organizations
Progress: 126/333 terms completed
Total collected so far: 3426 organizations

[127/333] Searching for 'peoplease'...
Searching for 'peoplease'...
  Page 1: Found 0 organizations with interactions
  Total for 'peoplease': 0 organizations
Progress: 127/333 terms completed
Total collected so far: 3426 organizations

[128/333] Searching for 'roofline'...
Searching for 'roofline'...
  Page 1: Found 0 organizations with interactions
  Total for 'roofline': 0 organizations
Progress: 128/333 terms completed
Total collected so far: 3426 organizations

[129/333] Searching for 'chase'...
Searching for 'chase'...
  Page 1: Found 5 organizations with interactions
  Total for 'chase': 5 organizations
Progress: 129/333 terms completed
Total collected so far: 3431 organizations

[130/333] Searching for 'sqi'...
Searching for 'sqi'...
  Page 1: Found 0 organizations with interactions
  Total for 'sqi': 0 organizations
Progress: 130/333 terms completed
Total collected so far: 3431 organizations

[131/333] Searching for 'mclaughlin'...
Searching for 'mclaughlin'...
  Page 1: Found 2 organizations with interactions
  Total for 'mclaughlin': 2 organizations
Progress: 131/333 terms completed
Total collected so far: 3433 organizations

[132/333] Searching for 'young'...
Searching for 'young'...
  Page 1: Found 11 organizations with interactions
  Total for 'young': 11 organizations
Progress: 132/333 terms completed
Total collected so far: 3444 organizations

[133/333] Searching for 'dale'...
Searching for 'dale'...
  Page 1: Found 2 organizations with interactions
  Total for 'dale': 2 organizations
Progress: 133/333 terms completed
Total collected so far: 3446 organizations

[134/333] Searching for 'sig'...
Searching for 'sig'...
  Page 1: Found 54 organizations with interactions
  Total for 'sig': 54 organizations
Progress: 134/333 terms completed
Total collected so far: 3500 organizations

[135/333] Searching for 'hulsey'...
Searching for 'hulsey'...
  Page 1: Found 0 organizations with interactions
  Total for 'hulsey': 0 organizations
Progress: 135/333 terms completed
Total collected so far: 3500 organizations

[136/333] Searching for 'enloe'...
Searching for 'enloe'...
  Page 1: Found 0 organizations with interactions
  Total for 'enloe': 0 organizations
Progress: 136/333 terms completed
Total collected so far: 3500 organizations

[137/333] Searching for 'allcon'...
Searching for 'allcon'...
  Page 1: Found 0 organizations with interactions
  Total for 'allcon': 0 organizations
Progress: 137/333 terms completed
Total collected so far: 3500 organizations

[138/333] Searching for 'broken'...
Searching for 'broken'...
  Page 1: Found 0 organizations with interactions
  Total for 'broken': 0 organizations
Progress: 138/333 terms completed
Total collected so far: 3500 organizations

[139/333] Searching for 'select'...
Searching for 'select'...
  Page 1: Found 9 organizations with interactions
  Total for 'select': 9 organizations
Progress: 139/333 terms completed
Total collected so far: 3509 organizations

[140/333] Searching for 'danny'...
Searching for 'danny'...
  Page 1: Found 0 organizations with interactions
  Total for 'danny': 0 organizations
Progress: 140/333 terms completed
Total collected so far: 3509 organizations

[141/333] Searching for 'elite'...
Searching for 'elite'...
  Page 1: Found 5 organizations with interactions
  Total for 'elite': 5 organizations
Progress: 141/333 terms completed
Total collected so far: 3514 organizations

[142/333] Searching for 'fania'...
Searching for 'fania'...
  Page 1: Found 0 organizations with interactions
  Total for 'fania': 0 organizations
Progress: 142/333 terms completed
Total collected so far: 3514 organizations

[143/333] Searching for 'brazos'...
Searching for 'brazos'...
  Page 1: Found 0 organizations with interactions
  Total for 'brazos': 0 organizations
Progress: 143/333 terms completed
Total collected so far: 3514 organizations

[144/333] Searching for 'fontaine'...
Searching for 'fontaine'...
  Page 1: Found 0 organizations with interactions
  Total for 'fontaine': 0 organizations
Progress: 144/333 terms completed
Total collected so far: 3514 organizations

[145/333] Searching for 'houck'...
Searching for 'houck'...
  Page 1: Found 0 organizations with interactions
  Total for 'houck': 0 organizations
Progress: 145/333 terms completed
Total collected so far: 3514 organizations

[146/333] Searching for 'cambridge'...
Searching for 'cambridge'...
  Page 1: Found 5 organizations with interactions
  Total for 'cambridge': 5 organizations
Progress: 146/333 terms completed
Total collected so far: 3519 organizations

[147/333] Searching for 'custofoam'...
Searching for 'custofoam'...
  Page 1: Found 0 organizations with interactions
  Total for 'custofoam': 0 organizations
Progress: 147/333 terms completed
Total collected so far: 3519 organizations

[148/333] Searching for 'rooflynx'...
Searching for 'rooflynx'...
  Page 1: Found 0 organizations with interactions
  Total for 'rooflynx': 0 organizations
Progress: 148/333 terms completed
Total collected so far: 3519 organizations

[149/333] Searching for 'eidsvoll'...
Searching for 'eidsvoll'...
  Page 1: Found 0 organizations with interactions
  Total for 'eidsvoll': 0 organizations
Progress: 149/333 terms completed
Total collected so far: 3519 organizations

[150/333] Searching for 'jottan'...
Searching for 'jottan'...
  Page 1: Found 0 organizations with interactions
  Total for 'jottan': 0 organizations
Progress: 150/333 terms completed
Total collected so far: 3519 organizations

[151/333] Searching for 'osr'...
Searching for 'osr'...
  Page 1: Found 0 organizations with interactions
  Total for 'osr': 0 organizations
Progress: 151/333 terms completed
Total collected so far: 3519 organizations

[152/333] Searching for 'pro'...
Searching for 'pro'...
  Page 1: Found 375 organizations with interactions
  Total for 'pro': 375 organizations
Progress: 152/333 terms completed
Total collected so far: 3894 organizations

[153/333] Searching for 'certainteed'...
Searching for 'certainteed'...
  Page 1: Found 0 organizations with interactions
  Total for 'certainteed': 0 organizations
Progress: 153/333 terms completed
Total collected so far: 3894 organizations

[154/333] Searching for 'gannon'...
Searching for 'gannon'...
  Page 1: Found 0 organizations with interactions
  Total for 'gannon': 0 organizations
Progress: 154/333 terms completed
Total collected so far: 3894 organizations

[155/333] Searching for 'silicone'...
Searching for 'silicone'...
  Page 1: Found 1 organizations with interactions
  Total for 'silicone': 1 organizations
Progress: 155/333 terms completed
Total collected so far: 3895 organizations

[156/333] Searching for 'nvr'...
Searching for 'nvr'...
  Page 1: Found 0 organizations with interactions
  Total for 'nvr': 0 organizations
Progress: 156/333 terms completed
Total collected so far: 3895 organizations

[157/333] Searching for 'solvikin'...
Searching for 'solvikin'...
  Page 1: Found 0 organizations with interactions
  Total for 'solvikin': 0 organizations
Progress: 157/333 terms completed
Total collected so far: 3895 organizations

[158/333] Searching for 'prattco'...
Searching for 'prattco'...
  Page 1: Found 0 organizations with interactions
  Total for 'prattco': 0 organizations
Progress: 158/333 terms completed
Total collected so far: 3895 organizations

[159/333] Searching for 'swigart'...
Searching for 'swigart'...
  Page 1: Found 0 organizations with interactions
  Total for 'swigart': 0 organizations
Progress: 159/333 terms completed
Total collected so far: 3895 organizations

[160/333] Searching for 'roofoptions'...
Searching for 'roofoptions'...
  Page 1: Found 0 organizations with interactions
  Total for 'roofoptions': 0 organizations
Progress: 160/333 terms completed
Total collected so far: 3895 organizations

[161/333] Searching for 'bliss'...
Searching for 'bliss'...
  Page 1: Found 7 organizations with interactions
  Total for 'bliss': 7 organizations
Progress: 161/333 terms completed
Total collected so far: 3902 organizations

[162/333] Searching for 'bob'...
Searching for 'bob'...
  Page 1: Found 11 organizations with interactions
  Total for 'bob': 11 organizations
Progress: 162/333 terms completed
Total collected so far: 3913 organizations

[163/333] Searching for 'nova'...
Searching for 'nova'...
  Page 1: Found 14 organizations with interactions
  Total for 'nova': 14 organizations
Progress: 163/333 terms completed
Total collected so far: 3927 organizations

[164/333] Searching for 'southwest'...
Searching for 'southwest'...
  Page 1: Found 3 organizations with interactions
  Total for 'southwest': 3 organizations
Progress: 164/333 terms completed
Total collected so far: 3930 organizations

[165/333] Searching for 'crafts'...
Searching for 'crafts'...
  Page 1: Found 0 organizations with interactions
  Total for 'crafts': 0 organizations
Progress: 165/333 terms completed
Total collected so far: 3930 organizations

[166/333] Searching for 'hegarty'...
Searching for 'hegarty'...
  Page 1: Found 0 organizations with interactions
  Total for 'hegarty': 0 organizations
Progress: 166/333 terms completed
Total collected so far: 3930 organizations

[167/333] Searching for 'richard'...
Searching for 'richard'...
  Page 1: Found 8 organizations with interactions
  Total for 'richard': 8 organizations
Progress: 167/333 terms completed
Total collected so far: 3938 organizations

[168/333] Searching for 'industrial'...
Searching for 'industrial'...
  Page 1: Found 10 organizations with interactions
  Total for 'industrial': 10 organizations
Progress: 168/333 terms completed
Total collected so far: 3948 organizations

[169/333] Searching for 'tekram'...
Searching for 'tekram'...
  Page 1: Found 0 organizations with interactions
  Total for 'tekram': 0 organizations
Progress: 169/333 terms completed
Total collected so far: 3948 organizations

[170/333] Searching for 'his'...
Searching for 'his'...
  Page 1: Found 5 organizations with interactions
  Total for 'his': 5 organizations
Progress: 170/333 terms completed
Total collected so far: 3953 organizations

[171/333] Searching for 'weatherguard'...
Searching for 'weatherguard'...
  Page 1: Found 0 organizations with interactions
  Total for 'weatherguard': 0 organizations
Progress: 171/333 terms completed
Total collected so far: 3953 organizations

[172/333] Searching for 'raintree'...
Searching for 'raintree'...
  Page 1: Found 1 organizations with interactions
  Total for 'raintree': 1 organizations
Progress: 172/333 terms completed
Total collected so far: 3954 organizations

[173/333] Searching for 'cobalt'...
Searching for 'cobalt'...
  Page 1: Found 6 organizations with interactions
  Total for 'cobalt': 6 organizations
Progress: 173/333 terms completed
Total collected so far: 3960 organizations

[174/333] Searching for 'beck'...
Searching for 'beck'...
  Page 1: Found 5 organizations with interactions
  Total for 'beck': 5 organizations
Progress: 174/333 terms completed
Total collected so far: 3965 organizations

[175/333] Searching for 'sherriff'...
Searching for 'sherriff'...
  Page 1: Found 0 organizations with interactions
  Total for 'sherriff': 0 organizations
Progress: 175/333 terms completed
Total collected so far: 3965 organizations

[176/333] Searching for 'triskell'...
Searching for 'triskell'...
  Page 1: Found 0 organizations with interactions
  Total for 'triskell': 0 organizations
Progress: 176/333 terms completed
Total collected so far: 3965 organizations

[177/333] Searching for 'marcon'...
Searching for 'marcon'...
  Page 1: Found 0 organizations with interactions
  Total for 'marcon': 0 organizations
Progress: 177/333 terms completed
Total collected so far: 3965 organizations

[178/333] Searching for 'garabar'...
Searching for 'garabar'...
  Page 1: Found 0 organizations with interactions
  Total for 'garabar': 0 organizations
Progress: 178/333 terms completed
Total collected so far: 3965 organizations

[179/333] Searching for 'ralph'...
Searching for 'ralph'...
  Page 1: Found 3 organizations with interactions
  Total for 'ralph': 3 organizations
Progress: 179/333 terms completed
Total collected so far: 3968 organizations

[180/333] Searching for 'new'...
Searching for 'new'...
  Page 1: Found 199 organizations with interactions
  Total for 'new': 199 organizations
Progress: 180/333 terms completed
Total collected so far: 4167 organizations

[181/333] Searching for 'mandal'...
Searching for 'mandal'...
  Page 1: Found 2 organizations with interactions
  Total for 'mandal': 2 organizations
Progress: 181/333 terms completed
Total collected so far: 4169 organizations

[182/333] Searching for 'gowin'...
Searching for 'gowin'...
  Page 1: Found 1 organizations with interactions
  Total for 'gowin': 1 organizations
Progress: 182/333 terms completed
Total collected so far: 4170 organizations

[183/333] Searching for 'generalroofing'...
Searching for 'generalroofing'...
  Page 1: Found 0 organizations with interactions
  Total for 'generalroofing': 0 organizations
Progress: 183/333 terms completed
Total collected so far: 4170 organizations

[184/333] Searching for 'monarch'...
Searching for 'monarch'...
  Page 1: Found 8 organizations with interactions
  Total for 'monarch': 8 organizations
Progress: 184/333 terms completed
Total collected so far: 4178 organizations

[185/333] Searching for 'gsm'...
Searching for 'gsm'...
  Page 1: Found 1 organizations with interactions
  Total for 'gsm': 1 organizations
Progress: 185/333 terms completed
Total collected so far: 4179 organizations

[186/333] Searching for 'milark'...
Searching for 'milark'...
  Page 1: Found 0 organizations with interactions
  Total for 'milark': 0 organizations
Progress: 186/333 terms completed
Total collected so far: 4179 organizations

[187/333] Searching for 'starmark'...
Searching for 'starmark'...
  Page 1: Found 0 organizations with interactions
  Total for 'starmark': 0 organizations
Progress: 187/333 terms completed
Total collected so far: 4179 organizations

[188/333] Searching for 'malone'...
Searching for 'malone'...
  Page 1: Found 0 organizations with interactions
  Total for 'malone': 0 organizations
Progress: 188/333 terms completed
Total collected so far: 4179 organizations

[189/333] Searching for 'tom'...
Searching for 'tom'...
  Page 1: Found 19 organizations with interactions
  Total for 'tom': 19 organizations
Progress: 189/333 terms completed
Total collected so far: 4198 organizations

[190/333] Searching for 'attyx'...
Searching for 'attyx'...
  Page 1: Found 0 organizations with interactions
  Total for 'attyx': 0 organizations
Progress: 190/333 terms completed
Total collected so far: 4198 organizations

[191/333] Searching for 'progressive'...
Searching for 'progressive'...
  Page 1: Found 1 organizations with interactions
  Total for 'progressive': 1 organizations
Progress: 191/333 terms completed
Total collected so far: 4199 organizations

[192/333] Searching for 'arkra'...
Searching for 'arkra'...
  Page 1: Found 0 organizations with interactions
  Total for 'arkra': 0 organizations
Progress: 192/333 terms completed
Total collected so far: 4199 organizations

[193/333] Searching for 'gamero'...
Searching for 'gamero'...
  Page 1: Found 0 organizations with interactions
  Total for 'gamero': 0 organizations
Progress: 193/333 terms completed
Total collected so far: 4199 organizations

[194/333] Searching for 'greiner'...
Searching for 'greiner'...
  Page 1: Found 0 organizations with interactions
  Total for 'greiner': 0 organizations
Progress: 194/333 terms completed
Total collected so far: 4199 organizations

[195/333] Searching for 'rackley'...
Searching for 'rackley'...
  Page 1: Found 0 organizations with interactions
  Total for 'rackley': 0 organizations
Progress: 195/333 terms completed
Total collected so far: 4199 organizations

[196/333] Searching for 'alder'...
Searching for 'alder'...
  Page 1: Found 2 organizations with interactions
  Total for 'alder': 2 organizations
Progress: 196/333 terms completed
Total collected so far: 4201 organizations

[197/333] Searching for 'beachcomber'...
Searching for 'beachcomber'...
  Page 1: Found 0 organizations with interactions
  Total for 'beachcomber': 0 organizations
Progress: 197/333 terms completed
Total collected so far: 4201 organizations

[198/333] Searching for 'magic'...
Searching for 'magic'...
  Page 1: Found 13 organizations with interactions
  Total for 'magic': 13 organizations
Progress: 198/333 terms completed
Total collected so far: 4214 organizations

[199/333] Searching for 'utr'...
Searching for 'utr'...
  Page 1: Found 0 organizations with interactions
  Total for 'utr': 0 organizations
Progress: 199/333 terms completed
Total collected so far: 4214 organizations

[200/333] Searching for 'harsega'...
Searching for 'harsega'...
  Page 1: Found 0 organizations with interactions
  Total for 'harsega': 0 organizations
Progress: 200/333 terms completed
Total collected so far: 4214 organizations

[201/333] Searching for 'roofingsource'...
Searching for 'roofingsource'...
  Page 1: Found 0 organizations with interactions
  Total for 'roofingsource': 0 organizations
Progress: 201/333 terms completed
Total collected so far: 4214 organizations

[202/333] Searching for 'eastern'...
Searching for 'eastern'...
  Page 1: Found 5 organizations with interactions
  Total for 'eastern': 5 organizations
Progress: 202/333 terms completed
Total collected so far: 4219 organizations

[203/333] Searching for 'marios'...
Searching for 'marios'...
  Page 1: Found 0 organizations with interactions
  Total for 'marios': 0 organizations
Progress: 203/333 terms completed
Total collected so far: 4219 organizations

[204/333] Searching for 'taica'...
Searching for 'taica'...
  Page 1: Found 0 organizations with interactions
  Total for 'taica': 0 organizations
Progress: 204/333 terms completed
Total collected so far: 4219 organizations

[205/333] Searching for 'schust'...
Searching for 'schust'...
  Page 1: Found 2 organizations with interactions
  Total for 'schust': 2 organizations
Progress: 205/333 terms completed
Total collected so far: 4221 organizations

[206/333] Searching for 'avoda'...
Searching for 'avoda'...
  Page 1: Found 1 organizations with interactions
  Total for 'avoda': 1 organizations
Progress: 206/333 terms completed
Total collected so far: 4222 organizations

[207/333] Searching for 'pacific'...
Searching for 'pacific'...
  Page 1: Found 26 organizations with interactions
  Total for 'pacific': 26 organizations
Progress: 207/333 terms completed
Total collected so far: 4248 organizations

[208/333] Searching for 'skylight'...
Searching for 'skylight'...
  Page 1: Found 2 organizations with interactions
  Total for 'skylight': 2 organizations
Progress: 208/333 terms completed
Total collected so far: 4250 organizations

[209/333] Searching for 'srs'...
Searching for 'srs'...
  Page 1: Found 1 organizations with interactions
  Total for 'srs': 1 organizations
Progress: 209/333 terms completed
Total collected so far: 4251 organizations

[210/333] Searching for 'manning'...
Searching for 'manning'...
  Page 1: Found 2 organizations with interactions
  Total for 'manning': 2 organizations
Progress: 210/333 terms completed
Total collected so far: 4253 organizations

[211/333] Searching for 'feeley'...
Searching for 'feeley'...
  Page 1: Found 0 organizations with interactions
  Total for 'feeley': 0 organizations
Progress: 211/333 terms completed
Total collected so far: 4253 organizations

[212/333] Searching for 'welwood'...
Searching for 'welwood'...
  Page 1: Found 0 organizations with interactions
  Total for 'welwood': 0 organizations
Progress: 212/333 terms completed
Total collected so far: 4253 organizations

[213/333] Searching for 'avi'...
Searching for 'avi'...
  Page 1: Found 41 organizations with interactions
  Total for 'avi': 41 organizations
Progress: 213/333 terms completed
Total collected so far: 4294 organizations

[214/333] Searching for 'roofco'...
Searching for 'roofco'...
  Page 1: Found 0 organizations with interactions
  Total for 'roofco': 0 organizations
Progress: 214/333 terms completed
Total collected so far: 4294 organizations

[215/333] Searching for 'sevelen'...
Searching for 'sevelen'...
  Page 1: Found 0 organizations with interactions
  Total for 'sevelen': 0 organizations
Progress: 215/333 terms completed
Total collected so far: 4294 organizations

[216/333] Searching for 'tema'...
Searching for 'tema'...
  Page 1: Found 2 organizations with interactions
  Total for 'tema': 2 organizations
Progress: 216/333 terms completed
Total collected so far: 4296 organizations

[217/333] Searching for 'bluethread'...
Searching for 'bluethread'...
  Page 1: Found 0 organizations with interactions
  Total for 'bluethread': 0 organizations
Progress: 217/333 terms completed
Total collected so far: 4296 organizations

[218/333] Searching for 'bean'...
Searching for 'bean'...
  Page 1: Found 3 organizations with interactions
  Total for 'bean': 3 organizations
Progress: 218/333 terms completed
Total collected so far: 4299 organizations

[219/333] Searching for 'facades'...
Searching for 'facades'...
  Page 1: Found 0 organizations with interactions
  Total for 'facades': 0 organizations
Progress: 219/333 terms completed
Total collected so far: 4299 organizations

[220/333] Searching for 'ernest'...
Searching for 'ernest'...
  Page 1: Found 0 organizations with interactions
  Total for 'ernest': 0 organizations
Progress: 220/333 terms completed
Total collected so far: 4299 organizations

[221/333] Searching for 'ketcher'...
Searching for 'ketcher'...
  Page 1: Found 0 organizations with interactions
  Total for 'ketcher': 0 organizations
Progress: 221/333 terms completed
Total collected so far: 4299 organizations

[222/333] Searching for 'barrett'...
Searching for 'barrett'...
  Page 1: Found 1 organizations with interactions
  Total for 'barrett': 1 organizations
Progress: 222/333 terms completed
Total collected so far: 4300 organizations

[223/333] Searching for 'inspection'...
Searching for 'inspection'...
  Page 1: Found 0 organizations with interactions
  Total for 'inspection': 0 organizations
Progress: 223/333 terms completed
Total collected so far: 4300 organizations

[224/333] Searching for 'crowther'...
Searching for 'crowther'...
  Page 1: Found 0 organizations with interactions
  Total for 'crowther': 0 organizations
Progress: 224/333 terms completed
Total collected so far: 4300 organizations

[225/333] Searching for 'oxentenko'...
Searching for 'oxentenko'...
  Page 1: Found 0 organizations with interactions
  Total for 'oxentenko': 0 organizations
Progress: 225/333 terms completed
Total collected so far: 4300 organizations

[226/333] Searching for 'tadco'...
Searching for 'tadco'...
  Page 1: Found 0 organizations with interactions
  Total for 'tadco': 0 organizations
Progress: 226/333 terms completed
Total collected so far: 4300 organizations

[227/333] Searching for 'potteiger'...
Searching for 'potteiger'...
  Page 1: Found 0 organizations with interactions
  Total for 'potteiger': 0 organizations
Progress: 227/333 terms completed
Total collected so far: 4300 organizations

[228/333] Searching for 'red'...
Searching for 'red'...
  Page 1: Found 74 organizations with interactions
  Total for 'red': 74 organizations
Progress: 228/333 terms completed
Total collected so far: 4374 organizations

[229/333] Searching for 'cedur'...
Searching for 'cedur'...
  Page 1: Found 0 organizations with interactions
  Total for 'cedur': 0 organizations
Progress: 229/333 terms completed
Total collected so far: 4374 organizations

[230/333] Searching for 'bishop'...
Searching for 'bishop'...
  Page 1: Found 2 organizations with interactions
  Total for 'bishop': 2 organizations
Progress: 230/333 terms completed
Total collected so far: 4376 organizations

[231/333] Searching for 'rsi'...
Searching for 'rsi'...
  Page 1: Found 0 organizations with interactions
  Total for 'rsi': 0 organizations
Progress: 231/333 terms completed
Total collected so far: 4376 organizations

[232/333] Searching for 'adobe'...
Searching for 'adobe'...
  Page 1: Found 1 organizations with interactions
  Total for 'adobe': 1 organizations
Progress: 232/333 terms completed
Total collected so far: 4377 organizations

[233/333] Searching for 'colorado'...
Searching for 'colorado'...
  Page 1: Found 7 organizations with interactions
  Total for 'colorado': 7 organizations
Progress: 233/333 terms completed
Total collected so far: 4384 organizations

[234/333] Searching for 'same'...
Searching for 'same'...
  Page 1: Found 0 organizations with interactions
  Total for 'same': 0 organizations
Progress: 234/333 terms completed
Total collected so far: 4384 organizations

[235/333] Searching for 'cobica'...
Searching for 'cobica'...
  Page 1: Found 0 organizations with interactions
  Total for 'cobica': 0 organizations
Progress: 235/333 terms completed
Total collected so far: 4384 organizations

[236/333] Searching for 'bri'...
Searching for 'bri'...
  Page 1: Found 145 organizations with interactions
  Total for 'bri': 145 organizations
Progress: 236/333 terms completed
Total collected so far: 4529 organizations

[237/333] Searching for 'graham'...
Searching for 'graham'...
  Page 1: Found 4 organizations with interactions
  Total for 'graham': 4 organizations
Progress: 237/333 terms completed
Total collected so far: 4533 organizations

[238/333] Searching for 'upson'...
Searching for 'upson'...
  Page 1: Found 0 organizations with interactions
  Total for 'upson': 0 organizations
Progress: 238/333 terms completed
Total collected so far: 4533 organizations

[239/333] Searching for 'kpost'...
Searching for 'kpost'...
  Page 1: Found 0 organizations with interactions
  Total for 'kpost': 0 organizations
Progress: 239/333 terms completed
Total collected so far: 4533 organizations

[240/333] Searching for 'old'...
Searching for 'old'...
  Page 1: Found 6 organizations with interactions
  Total for 'old': 6 organizations
Progress: 240/333 terms completed
Total collected so far: 4539 organizations

[241/333] Searching for 'murtaugh'...
Searching for 'murtaugh'...
  Page 1: Found 0 organizations with interactions
  Total for 'murtaugh': 0 organizations
Progress: 241/333 terms completed
Total collected so far: 4539 organizations

[242/333] Searching for 'midstate'...
Searching for 'midstate'...
  Page 1: Found 0 organizations with interactions
  Total for 'midstate': 0 organizations
Progress: 242/333 terms completed
Total collected so far: 4539 organizations

[243/333] Searching for 'jireh'...
Searching for 'jireh'...
  Page 1: Found 0 organizations with interactions
  Total for 'jireh': 0 organizations
Progress: 243/333 terms completed
Total collected so far: 4539 organizations

[244/333] Searching for 'orndorff'...
Searching for 'orndorff'...
  Page 1: Found 0 organizations with interactions
  Total for 'orndorff': 0 organizations
Progress: 244/333 terms completed
Total collected so far: 4539 organizations

[245/333] Searching for 'coffey'...
Searching for 'coffey'...
  Page 1: Found 0 organizations with interactions
  Total for 'coffey': 0 organizations
Progress: 245/333 terms completed
Total collected so far: 4539 organizations

[246/333] Searching for 'eskola'...
Searching for 'eskola'...
  Page 1: Found 0 organizations with interactions
  Total for 'eskola': 0 organizations
Progress: 246/333 terms completed
Total collected so far: 4539 organizations

[247/333] Searching for 'morss'...
Searching for 'morss'...
  Page 1: Found 0 organizations with interactions
  Total for 'morss': 0 organizations
Progress: 247/333 terms completed
Total collected so far: 4539 organizations

[248/333] Searching for 'controls'...
Searching for 'controls'...
  Page 1: Found 2 organizations with interactions
  Total for 'controls': 2 organizations
Progress: 248/333 terms completed
Total collected so far: 4541 organizations

[249/333] Searching for 'gardner'...
Searching for 'gardner'...
  Page 1: Found 1 organizations with interactions
  Total for 'gardner': 1 organizations
Progress: 249/333 terms completed
Total collected so far: 4542 organizations

[250/333] Searching for 'kulp'...
Searching for 'kulp'...
  Page 1: Found 0 organizations with interactions
  Total for 'kulp': 0 organizations
Progress: 250/333 terms completed
Total collected so far: 4542 organizations

[251/333] Searching for 'gutter'...
Searching for 'gutter'...
  Page 1: Found 1 organizations with interactions
  Total for 'gutter': 1 organizations
Progress: 251/333 terms completed
Total collected so far: 4543 organizations

[252/333] Searching for 'reconstruction'...
Searching for 'reconstruction'...
  Page 1: Found 1 organizations with interactions
  Total for 'reconstruction': 1 organizations
Progress: 252/333 terms completed
Total collected so far: 4544 organizations

[253/333] Searching for 'delta'...
Searching for 'delta'...
  Page 1: Found 9 organizations with interactions
  Total for 'delta': 9 organizations
Progress: 253/333 terms completed
Total collected so far: 4553 organizations

[254/333] Searching for 'hytech'...
Searching for 'hytech'...
  Page 1: Found 0 organizations with interactions
  Total for 'hytech': 0 organizations
Progress: 254/333 terms completed
Total collected so far: 4553 organizations

[255/333] Searching for 'pbroofing'...
Searching for 'pbroofing'...
  Page 1: Found 0 organizations with interactions
  Total for 'pbroofing': 0 organizations
Progress: 255/333 terms completed
Total collected so far: 4553 organizations

[256/333] Searching for 'apex'...
Searching for 'apex'...
  Page 1: Found 13 organizations with interactions
  Total for 'apex': 13 organizations
Progress: 256/333 terms completed
Total collected so far: 4566 organizations

[257/333] Searching for 'rankin'...
Searching for 'rankin'...
  Page 1: Found 0 organizations with interactions
  Total for 'rankin': 0 organizations
Progress: 257/333 terms completed
Total collected so far: 4566 organizations

[258/333] Searching for 'sibley'...
Searching for 'sibley'...
  Page 1: Found 1 organizations with interactions
  Total for 'sibley': 1 organizations
Progress: 258/333 terms completed
Total collected so far: 4567 organizations

[259/333] Searching for 'dahill'...
Searching for 'dahill'...
  Page 1: Found 0 organizations with interactions
  Total for 'dahill': 0 organizations
Progress: 259/333 terms completed
Total collected so far: 4567 organizations

[260/333] Searching for 'preferred'...
Searching for 'preferred'...
  Page 1: Found 1 organizations with interactions
  Total for 'preferred': 1 organizations
Progress: 260/333 terms completed
Total collected so far: 4568 organizations

[261/333] Searching for 'srsm'...
Searching for 'srsm'...
  Page 1: Found 0 organizations with interactions
  Total for 'srsm': 0 organizations
Progress: 261/333 terms completed
Total collected so far: 4568 organizations

[262/333] Searching for 'rss'...
Searching for 'rss'...
  Page 1: Found 0 organizations with interactions
  Total for 'rss': 0 organizations
Progress: 262/333 terms completed
Total collected so far: 4568 organizations

[263/333] Searching for 'subcontractor'...
Searching for 'subcontractor'...
  Page 1: Found 0 organizations with interactions
  Total for 'subcontractor': 0 organizations
Progress: 263/333 terms completed
Total collected so far: 4568 organizations

[264/333] Searching for 'frederic'...
Searching for 'frederic'...
  Page 1: Found 0 organizations with interactions
  Total for 'frederic': 0 organizations
Progress: 264/333 terms completed
Total collected so far: 4568 organizations

[265/333] Searching for 'good'...
Searching for 'good'...
  Page 1: Found 57 organizations with interactions
  Total for 'good': 57 organizations
Progress: 265/333 terms completed
Total collected so far: 4625 organizations

[266/333] Searching for 'camber'...
Searching for 'camber'...
  Page 1: Found 2 organizations with interactions
  Total for 'camber': 2 organizations
Progress: 266/333 terms completed
Total collected so far: 4627 organizations

[267/333] Searching for 'southwire'...
Searching for 'southwire'...
  Page 1: Found 0 organizations with interactions
  Total for 'southwire': 0 organizations
Progress: 267/333 terms completed
Total collected so far: 4627 organizations

[268/333] Searching for 'thermal'...
Searching for 'thermal'...
  Page 1: Found 1 organizations with interactions
  Total for 'thermal': 1 organizations
Progress: 268/333 terms completed
Total collected so far: 4628 organizations

[269/333] Searching for 'sprague'...
Searching for 'sprague'...
  Page 1: Found 0 organizations with interactions
  Total for 'sprague': 0 organizations
Progress: 269/333 terms completed
Total collected so far: 4628 organizations

[270/333] Searching for 'metalmaster'...
Searching for 'metalmaster'...
  Page 1: Found 0 organizations with interactions
  Total for 'metalmaster': 0 organizations
Progress: 270/333 terms completed
Total collected so far: 4628 organizations

[271/333] Searching for 'domain'...
Searching for 'domain'...
  Page 1: Found 4 organizations with interactions
  Total for 'domain': 4 organizations
Progress: 271/333 terms completed
Total collected so far: 4632 organizations

[272/333] Searching for 'roofsmith'...
Searching for 'roofsmith'...
  Page 1: Found 0 organizations with interactions
  Total for 'roofsmith': 0 organizations
Progress: 272/333 terms completed
Total collected so far: 4632 organizations

[273/333] Searching for 'rams'...
Searching for 'rams'...
  Page 1: Found 1 organizations with interactions
  Total for 'rams': 1 organizations
Progress: 273/333 terms completed
Total collected so far: 4633 organizations

[274/333] Searching for 'nushake'...
Searching for 'nushake'...
  Page 1: Found 0 organizations with interactions
  Total for 'nushake': 0 organizations
Progress: 274/333 terms completed
Total collected so far: 4633 organizations

[275/333] Searching for 'nuworx'...
Searching for 'nuworx'...
  Page 1: Found 0 organizations with interactions
  Total for 'nuworx': 0 organizations
Progress: 275/333 terms completed
Total collected so far: 4633 organizations

[276/333] Searching for 'portals'...
Searching for 'portals'...
  Page 1: Found 1 organizations with interactions
  Total for 'portals': 1 organizations
Progress: 276/333 terms completed
Total collected so far: 4634 organizations

[277/333] Searching for 'preservation'...
Searching for 'preservation'...
  Page 1: Found 0 organizations with interactions
  Total for 'preservation': 0 organizations
Progress: 277/333 terms completed
Total collected so far: 4634 organizations

[278/333] Searching for 'ancrfng'...
Searching for 'ancrfng'...
  Page 1: Found 0 organizations with interactions
  Total for 'ancrfng': 0 organizations
Progress: 278/333 terms completed
Total collected so far: 4634 organizations

[279/333] Searching for 'localroofs'...
Searching for 'localroofs'...
  Page 1: Found 0 organizations with interactions
  Total for 'localroofs': 0 organizations
Progress: 279/333 terms completed
Total collected so far: 4634 organizations

[280/333] Searching for 'wave'...
Searching for 'wave'...
  Page 1: Found 28 organizations with interactions
  Total for 'wave': 28 organizations
Progress: 280/333 terms completed
Total collected so far: 4662 organizations

[281/333] Searching for 'hanson'...
Searching for 'hanson'...
  Page 1: Found 2 organizations with interactions
  Total for 'hanson': 2 organizations
Progress: 281/333 terms completed
Total collected so far: 4664 organizations

[282/333] Searching for 'gwaltney'...
Searching for 'gwaltney'...
  Page 1: Found 0 organizations with interactions
  Total for 'gwaltney': 0 organizations
Progress: 282/333 terms completed
Total collected so far: 4664 organizations

[283/333] Searching for 'arch'...
Searching for 'arch'...
  Page 1: Found 53 organizations with interactions
  Total for 'arch': 53 organizations
Progress: 283/333 terms completed
Total collected so far: 4717 organizations

[284/333] Searching for 'damage'...
Searching for 'damage'...
