Total search terms: 333
Completed terms: 170
Remaining terms: 163
Organizations collected so far: 3953
Resuming from term: weatherguard

[171/333] Searching for 'weatherguard'...
  Found 0 organizations
  Total collected: 3953

[173/333] Searching for 'raintree'...
  Found 1 organizations
  Total collected: 3954

[175/333] Searching for 'cobalt'...
  Found 6 organizations
  Total collected: 3960

[177/333] Searching for 'beck'...
  Found 5 organizations
  Total collected: 3965

[179/333] Searching for 'sherriff'...
  Found 0 organizations
  Total collected: 3965

[181/333] Searching for 'triskell'...
  Found 0 organizations
  Total collected: 3965

[183/333] Searching for 'marcon'...
  Found 0 organizations
  Total collected: 3965

[185/333] Searching for 'garabar'...
  Found 0 organizations
  Total collected: 3965

[187/333] Searching for 'ralph'...
  Found 3 organizations
  Total collected: 3968

[189/333] Searching for 'new'...
  Found 199 organizations
  Total collected: 4167
  Progress saved at 180 terms

[191/333] Searching for 'mandal'...
  Found 2 organizations
  Total collected: 4169

[193/333] Searching for 'gowin'...
  Found 1 organizations
  Total collected: 4170

[195/333] Searching for 'generalroofing'...
  Found 0 organizations
  Total collected: 4170

[197/333] Searching for 'monarch'...
  Found 8 organizations
  Total collected: 4178

[199/333] Searching for 'gsm'...
  Found 1 organizations
  Total collected: 4179

[201/333] Searching for 'milark'...
  Found 0 organizations
  Total collected: 4179

[203/333] Searching for 'starmark'...
  Found 0 organizations
  Total collected: 4179

[205/333] Searching for 'malone'...
  Found 0 organizations
  Total collected: 4179

[207/333] Searching for 'tom'...
  Found 19 organizations
  Total collected: 4198

[209/333] Searching for 'attyx'...
  Found 0 organizations
  Total collected: 4198
  Progress saved at 190 terms

[211/333] Searching for 'progressive'...
  Found 1 organizations
  Total collected: 4199

[213/333] Searching for 'arkra'...
  Found 0 organizations
  Total collected: 4199

[215/333] Searching for 'gamero'...
  Found 0 organizations
  Total collected: 4199

[217/333] Searching for 'greiner'...
  Found 0 organizations
  Total collected: 4199

[219/333] Searching for 'rackley'...
  Found 0 organizations
  Total collected: 4199

[221/333] Searching for 'alder'...
  Found 2 organizations
  Total collected: 4201

[223/333] Searching for 'beachcomber'...
  Found 0 organizations
  Total collected: 4201

[225/333] Searching for 'magic'...
  Found 13 organizations
  Total collected: 4214

[227/333] Searching for 'utr'...
  Found 0 organizations
  Total collected: 4214

[229/333] Searching for 'harsega'...
  Found 0 organizations
  Total collected: 4214
  Progress saved at 200 terms

[231/333] Searching for 'roofingsource'...
  Found 0 organizations
  Total collected: 4214

[233/333] Searching for 'eastern'...
  Found 5 organizations
  Total collected: 4219

[235/333] Searching for 'marios'...
  Found 0 organizations
  Total collected: 4219

[237/333] Searching for 'taica'...
  Found 0 organizations
  Total collected: 4219

[239/333] Searching for 'schust'...
  Found 2 organizations
  Total collected: 4221

[241/333] Searching for 'avoda'...
  Found 1 organizations
  Total collected: 4222

[243/333] Searching for 'pacific'...
  Found 26 organizations
  Total collected: 4248

[245/333] Searching for 'skylight'...
  Found 2 organizations
  Total collected: 4250

[247/333] Searching for 'srs'...
  Found 1 organizations
  Total collected: 4251

[249/333] Searching for 'manning'...
  Found 2 organizations
  Total collected: 4253
  Progress saved at 210 terms

[251/333] Searching for 'feeley'...
  Found 0 organizations
  Total collected: 4253

[253/333] Searching for 'welwood'...
  Found 0 organizations
  Total collected: 4253

[255/333] Searching for 'avi'...
  Found 41 organizations
  Total collected: 4294

[257/333] Searching for 'roofco'...
  Found 0 organizations
  Total collected: 4294

[259/333] Searching for 'sevelen'...
  Found 0 organizations
  Total collected: 4294

[261/333] Searching for 'tema'...
  Found 2 organizations
  Total collected: 4296

[263/333] Searching for 'bluethread'...
  Found 0 organizations
  Total collected: 4296

[265/333] Searching for 'bean'...
  Found 3 organizations
  Total collected: 4299

[267/333] Searching for 'facades'...
  Found 0 organizations
  Total collected: 4299

[269/333] Searching for 'ernest'...
  Found 0 organizations
  Total collected: 4299
  Progress saved at 220 terms

[271/333] Searching for 'ketcher'...
  Found 0 organizations
  Total collected: 4299

[273/333] Searching for 'barrett'...
  Found 1 organizations
  Total collected: 4300

[275/333] Searching for 'inspection'...
  Found 0 organizations
  Total collected: 4300

[277/333] Searching for 'crowther'...
  Found 0 organizations
  Total collected: 4300

[279/333] Searching for 'oxentenko'...
  Found 0 organizations
  Total collected: 4300

[281/333] Searching for 'tadco'...
  Found 0 organizations
  Total collected: 4300

[283/333] Searching for 'potteiger'...
  Found 0 organizations
  Total collected: 4300

[285/333] Searching for 'red'...
  Found 74 organizations
  Total collected: 4374

[287/333] Searching for 'cedur'...
  Found 0 organizations
  Total collected: 4374

[289/333] Searching for 'bishop'...
  Found 2 organizations
  Total collected: 4376
  Progress saved at 230 terms

[291/333] Searching for 'rsi'...
  Found 0 organizations
  Total collected: 4376

[293/333] Searching for 'adobe'...
  Found 1 organizations
  Total collected: 4377

[295/333] Searching for 'colorado'...
  Found 7 organizations
  Total collected: 4384

[297/333] Searching for 'same'...
  Found 0 organizations
  Total collected: 4384

[299/333] Searching for 'cobica'...
  Found 0 organizations
  Total collected: 4384

[301/333] Searching for 'bri'...
  Found 145 organizations
  Total collected: 4529

[303/333] Searching for 'graham'...
  Found 4 organizations
  Total collected: 4533

[305/333] Searching for 'upson'...
  Found 0 organizations
  Total collected: 4533

[307/333] Searching for 'kpost'...
  Found 0 organizations
  Total collected: 4533

[309/333] Searching for 'old'...
  Found 6 organizations
  Total collected: 4539
  Progress saved at 240 terms

[311/333] Searching for 'murtaugh'...
  Found 0 organizations
  Total collected: 4539

[313/333] Searching for 'midstate'...
  Found 0 organizations
  Total collected: 4539

[315/333] Searching for 'jireh'...
  Found 0 organizations
  Total collected: 4539

[317/333] Searching for 'orndorff'...
  Found 0 organizations
  Total collected: 4539

[319/333] Searching for 'coffey'...
  Found 0 organizations
  Total collected: 4539

[321/333] Searching for 'eskola'...
  Found 0 organizations
  Total collected: 4539

[323/333] Searching for 'morss'...
  Found 0 organizations
  Total collected: 4539

[325/333] Searching for 'controls'...
  Found 2 organizations
  Total collected: 4541

[327/333] Searching for 'gardner'...
  Found 1 organizations
  Total collected: 4542

[329/333] Searching for 'kulp'...
  Found 0 organizations
  Total collected: 4542
  Progress saved at 250 terms

[331/333] Searching for 'gutter'...
  Found 1 organizations
  Total collected: 4543

[333/333] Searching for 'reconstruction'...
  Found 1 organizations
  Total collected: 4544

[335/333] Searching for 'delta'...
  Found 9 organizations
  Total collected: 4553

[337/333] Searching for 'hytech'...
  Found 0 organizations
  Total collected: 4553

[339/333] Searching for 'pbroofing'...
  Found 0 organizations
  Total collected: 4553

[341/333] Searching for 'apex'...
  Found 13 organizations
  Total collected: 4566

[343/333] Searching for 'rankin'...
  Found 0 organizations
  Total collected: 4566

[345/333] Searching for 'sibley'...
  Found 1 organizations
  Total collected: 4567

[347/333] Searching for 'dahill'...
  Found 0 organizations
  Total collected: 4567

[349/333] Searching for 'preferred'...
  Found 1 organizations
  Total collected: 4568
  Progress saved at 260 terms

[351/333] Searching for 'srsm'...
  Found 0 organizations
  Total collected: 4568

[353/333] Searching for 'rss'...
  Found 0 organizations
  Total collected: 4568

[355/333] Searching for 'subcontractor'...
  Found 0 organizations
  Total collected: 4568

[357/333] Searching for 'frederic'...
  Found 0 organizations
  Total collected: 4568

[359/333] Searching for 'good'...
  Found 57 organizations
  Total collected: 4625

[361/333] Searching for 'camber'...
  Found 2 organizations
  Total collected: 4627

[363/333] Searching for 'southwire'...
  Found 0 organizations
  Total collected: 4627

[365/333] Searching for 'thermal'...
  Found 1 organizations
  Total collected: 4628

[367/333] Searching for 'sprague'...
  Found 0 organizations
  Total collected: 4628

[369/333] Searching for 'metalmaster'...
  Found 0 organizations
  Total collected: 4628
  Progress saved at 270 terms

[371/333] Searching for 'domain'...
  Found 4 organizations
  Total collected: 4632

[373/333] Searching for 'roofsmith'...
  Found 0 organizations
  Total collected: 4632

[375/333] Searching for 'rams'...
  Found 1 organizations
  Total collected: 4633

[377/333] Searching for 'nushake'...
  Found 0 organizations
  Total collected: 4633

[379/333] Searching for 'nuworx'...
  Found 0 organizations
  Total collected: 4633

[381/333] Searching for 'portals'...
  Found 1 organizations
  Total collected: 4634

[383/333] Searching for 'preservation'...
  Found 0 organizations
  Total collected: 4634

[385/333] Searching for 'ancrfng'...
  Found 0 organizations
  Total collected: 4634

[387/333] Searching for 'localroofs'...
  Found 0 organizations
  Total collected: 4634

[389/333] Searching for 'wave'...
  Found 28 organizations
  Total collected: 4662
  Progress saved at 280 terms

[391/333] Searching for 'hanson'...
  Found 2 organizations
  Total collected: 4664

[393/333] Searching for 'gwaltney'...
  Found 0 organizations
  Total collected: 4664

[395/333] Searching for 'arch'...
  Found 53 organizations
  Total collected: 4717

[397/333] Searching for 'damage'...
  Found 0 organizations
  Total collected: 4717

[399/333] Searching for 'hannabri'...
  Found 0 organizations
  Total collected: 4717

[401/333] Searching for 'star'...
  Found 105 organizations
  Total collected: 4822

[403/333] Searching for 'xrc'...
  Found 2 organizations
  Total collected: 4824

[405/333] Searching for 'roofcrafters'...
  Found 0 organizations
  Total collected: 4824

[407/333] Searching for 'rooding'...
  Found 0 organizations
  Total collected: 4824

[409/333] Searching for 'tremco'...
  Found 0 organizations
  Total collected: 4824
  Progress saved at 290 terms

[411/333] Searching for 'spigarelli'...
  Found 0 organizations
  Total collected: 4824

[413/333] Searching for 'petersendean'...
  Found 0 organizations
  Total collected: 4824

[415/333] Searching for 'mckinnis'...
  Found 0 organizations
  Total collected: 4824

[417/333] Searching for 'storm'...
  Found 6 organizations
  Total collected: 4830

[419/333] Searching for 'harnefl'...
  Found 0 organizations
  Total collected: 4830

[421/333] Searching for 'loft'...
  Found 7 organizations
  Total collected: 4837

[423/333] Searching for 'svr'...
  Found 0 organizations
  Total collected: 4837

[425/333] Searching for 'flynn'...
  Found 0 organizations
  Total collected: 4837

[427/333] Searching for 'best'...
  Found 17 organizations
  Total collected: 4854

[429/333] Searching for 'rain'...
  Found 18 organizations
  Total collected: 4872
  Progress saved at 300 terms

[431/333] Searching for 'nationwide'...
  Found 1 organizations
  Total collected: 4873

[433/333] Searching for 'pratt'...
  Found 0 organizations
  Total collected: 4873

[435/333] Searching for 'stronghouse'...
  Found 0 organizations
  Total collected: 4873

[437/333] Searching for 'duro'...
  Found 1 organizations
  Total collected: 4874

[439/333] Searching for 'enviroshake'...
  Found 0 organizations
  Total collected: 4874

[441/333] Searching for 'walton'...
  Found 2 organizations
  Total collected: 4876

[443/333] Searching for 'gutier'...
  Found 0 organizations
  Total collected: 4876

[445/333] Searching for 'jobba'...
  Found 0 organizations
  Total collected: 4876

[447/333] Searching for 'pactiv'...
  Found 0 organizations
  Total collected: 4876

[449/333] Searching for 'installations'...
  Found 0 organizations
  Total collected: 4876
  Progress saved at 310 terms

[451/333] Searching for 'metroll'...
  Found 0 organizations
  Total collected: 4876

[453/333] Searching for 'five'...
  Found 11 organizations
  Total collected: 4887

[455/333] Searching for 'jdh'...
  Found 2 organizations
  Total collected: 4889

[457/333] Searching for 'bonded'...
  Found 0 organizations
  Total collected: 4889

[459/333] Searching for 'overhead'...
  Found 0 organizations
  Total collected: 4889

[461/333] Searching for 'pace'...
  Found 11 organizations
  Total collected: 4900

[463/333] Searching for 'stinson'...
  Found 1 organizations
  Total collected: 4901

[465/333] Searching for 'turner'...
  Found 5 organizations
  Total collected: 4906

[467/333] Searching for 'peak'...
  Found 26 organizations
  Total collected: 4932

[469/333] Searching for 'tulsa'...
  Found 3 organizations
  Total collected: 4935
  Progress saved at 320 terms

[471/333] Searching for 'cairo'...
  Found 0 organizations
  Total collected: 4935

[473/333] Searching for 'andrew'...
  Found 5 organizations
  Total collected: 4940

[475/333] Searching for 'cei'...
  Found 0 organizations
  Total collected: 4940

[477/333] Searching for 'gil'...
  Found 12 organizations
  Total collected: 4952

[479/333] Searching for 'arizona'...
  Found 6 organizations
  Total collected: 4958

[481/333] Searching for 'bird'...
  Found 8 organizations
  Total collected: 4966

[483/333] Searching for 'josall'...
  Found 0 organizations
  Total collected: 4966

[485/333] Searching for 'fsr'...
  Found 1 organizations
  Total collected: 4967

[487/333] Searching for 'mueller'...
  Found 1 organizations
  Total collected: 4968

[489/333] Searching for 'jlr'...
  Found 1 organizations
  Total collected: 4969
  Progress saved at 330 terms

[491/333] Searching for 'inspirium'...
  Found 0 organizations
  Total collected: 4969

[493/333] Searching for 'culbertson'...
  Found 0 organizations
  Total collected: 4969

[495/333] Searching for 'restoremasters'...
  Found 0 organizations
  Total collected: 4969

=== Deduplication ===
Saved 4482 organizations to roofing_organizations_100pct_20250915_152445.csv

=== Final Summary ===
Completed terms: 333/333
Raw results: 4969 organizations
Unique organizations: 4482
Output file: roofing_organizations_100pct_20250915_152445.csv
